<?xml version="1.0" encoding="UTF-8"?>
<testsuite name="test.java.is.task.TicTacToe.TicTacToeTest" tests="6" skipped="0" failures="0" errors="0" timestamp="2015-11-04T21:20:49" hostname="i-7f3b5dd9.csd07cloud.internal" time="0.014">
  <properties/>
  <testcase name="testHumanPlayerGetter" classname="test.java.is.task.TicTacToe.TicTacToeTest" time="0.011"/>
  <testcase name="testHumanPlayerSetter" classname="test.java.is.task.TicTacToe.TicTacToeTest" time="0.001"/>
  <testcase name="testGameGetter" classname="test.java.is.task.TicTacToe.TicTacToeTest" time="0.0"/>
  <testcase name="testGameSetter" classname="test.java.is.task.TicTacToe.TicTacToeTest" time="0.001"/>
  <testcase name="testComputerPlayerGetter" classname="test.java.is.task.TicTacToe.TicTacToeTest" time="0.0"/>
  <testcase name="testComputerPlayerSetter" classname="test.java.is.task.TicTacToe.TicTacToeTest" time="0.001"/>
  <system-out><![CDATA[]]></system-out>
  <system-err><![CDATA[]]></system-err>
</testsuite>
